# JRE version: OpenJDK Runtime Environment (7.0_40-b60) (build 1.7.0_40-b60)
# Java VM: OpenJDK 64-Bit Server VM (24.0-b56 mixed mode linux-amd64 compressed oops)
Heap
 PSYoungGen      total 673280K, used 439427K [0x00000007d6600000, 0x0000000800000000, 0x0000000800000000)
  eden space 665600K, 66% used [0x00000007d6600000,0x00000007f1300dc0,0x00000007ff000000)
  from space 7680K, 1% used [0x00000007ff000000,0x00000007ff020000,0x00000007ff780000)
  to   space 7680K, 0% used [0x00000007ff880000,0x00000007ff880000,0x0000000800000000)
 ParOldGen       total 84992K, used 6889K [0x0000000783200000, 0x0000000788500000, 0x00000007d6600000)
  object space 84992K, 8% used [0x0000000783200000,0x00000007838ba458,0x0000000788500000)
 PSPermGen       total 21504K, used 11832K [0x0000000778c00000, 0x000000077a100000, 0x0000000783200000)
  object space 21504K, 55% used [0x0000000778c00000,0x000000077978e180,0x000000077a100000)
GC Heap History (10 events):
Event: 7.895 GC heap before
{Heap before GC invocations=11 (full 0):
 PSYoungGen      total 424960K, used 417472K [0x00000007d6600000, 0x00000007f0c80000, 0x0000000800000000)
  eden space 417280K, 100% used [0x00000007d6600000,0x00000007efd80000,0x00000007efd80000)
  from space 7680K, 2% used [0x00000007f0500000,0x00000007f0530000,0x00000007f0c80000)
  to   space 7680K, 0% used [0x00000007efd80000,0x00000007efd80000,0x00000007f0500000)
 ParOldGen       total 84992K, used 6769K [0x0000000783200000, 0x0000000788500000, 0x00000007d6600000)
  object space 84992K, 7% used [0x0000000783200000,0x000000078389c458,0x0000000788500000)
 PSPermGen       total 21504K, used 11817K [0x0000000778c00000, 0x000000077a100000, 0x0000000783200000)
  object space 21504K, 54% used [0x0000000778c00000,0x000000077978a430,0x000000077a100000)
Event: 7.900 GC heap after
Heap after GC invocations=11 (full 0):
 PSYoungGen      total 424960K, used 224K [0x00000007d6600000, 0x0000000800000000, 0x0000000800000000)
  eden space 417280K, 0% used [0x00000007d6600000,0x00000007d6600000,0x00000007efd80000)
  from space 7680K, 2% used [0x00000007efd80000,0x00000007efdb8000,0x00000007f0500000)
  to   space 7680K, 0% used [0x00000007ff880000,0x00000007ff880000,0x0000000800000000)
 ParOldGen       total 84992K, used 6793K [0x0000000783200000, 0x0000000788500000, 0x00000007d6600000)
  object space 84992K, 7% used [0x0000000783200000,0x00000007838a2458,0x0000000788500000)
 PSPermGen       total 21504K, used 11817K [0x0000000778c00000, 0x000000077a100000, 0x0000000783200000)
  object space 21504K, 54% used [0x0000000778c00000,0x000000077978a430,0x000000077a100000)
}
Event: 8.084 GC heap before
{Heap before GC invocations=12 (full 0):
 PSYoungGen      total 424960K, used 417504K [0x00000007d6600000, 0x0000000800000000, 0x0000000800000000)
  eden space 417280K, 100% used [0x00000007d6600000,0x00000007efd80000,0x00000007efd80000)
  from space 7680K, 2% used [0x00000007efd80000,0x00000007efdb8000,0x00000007f0500000)
  to   space 7680K, 0% used [0x00000007ff880000,0x00000007ff880000,0x0000000800000000)
 ParOldGen       total 84992K, used 6793K [0x0000000783200000, 0x0000000788500000, 0x00000007d6600000)
  object space 84992K, 7% used [0x0000000783200000,0x00000007838a2458,0x0000000788500000)
 PSPermGen       total 21504K, used 11826K [0x0000000778c00000, 0x000000077a100000, 0x0000000783200000)
  object space 21504K, 54% used [0x0000000778c00000,0x000000077978c890,0x000000077a100000)
Event: 8.089 GC heap after
Heap after GC invocations=12 (full 0):
 PSYoungGen      total 673280K, used 224K [0x00000007d6600000, 0x0000000800000000, 0x0000000800000000)
  eden space 665600K, 0% used [0x00000007d6600000,0x00000007d6600000,0x00000007ff000000)
  from space 7680K, 2% used [0x00000007ff880000,0x00000007ff8b8000,0x0000000800000000)
  to   space 8192K, 0% used [0x00000007ff000000,0x00000007ff000000,0x00000007ff800000)
 ParOldGen       total 84992K, used 6809K [0x0000000783200000, 0x0000000788500000, 0x00000007d6600000)
  object space 84992K, 8% used [0x0000000783200000,0x00000007838a6458,0x0000000788500000)
 PSPermGen       total 21504K, used 11826K [0x0000000778c00000, 0x000000077a100000, 0x0000000783200000)
  object space 21504K, 54% used [0x0000000778c00000,0x000000077978c890,0x000000077a100000)
}
Event: 8.301 GC heap before
{Heap before GC invocations=13 (full 0):
 PSYoungGen      total 673280K, used 665824K [0x00000007d6600000, 0x0000000800000000, 0x0000000800000000)
  eden space 665600K, 100% used [0x00000007d6600000,0x00000007ff000000,0x00000007ff000000)
  from space 7680K, 2% used [0x00000007ff880000,0x00000007ff8b8000,0x0000000800000000)
  to   space 8192K, 0% used [0x00000007ff000000,0x00000007ff000000,0x00000007ff800000)
 ParOldGen       total 84992K, used 6809K [0x0000000783200000, 0x0000000788500000, 0x00000007d6600000)
  object space 84992K, 8% used [0x0000000783200000,0x00000007838a6458,0x0000000788500000)
 PSPermGen       total 21504K, used 11828K [0x0000000778c00000, 0x000000077a100000, 0x0000000783200000)
  object space 21504K, 55% used [0x0000000778c00000,0x000000077978d158,0x000000077a100000)
Event: 8.305 GC heap after
Heap after GC invocations=13 (full 0):
 PSYoungGen      total 673792K, used 192K [0x00000007d6600000, 0x0000000800000000, 0x0000000800000000)
  eden space 665600K, 0% used [0x00000007d6600000,0x00000007d6600000,0x00000007ff000000)
  from space 8192K, 2% used [0x00000007ff000000,0x00000007ff030000,0x00000007ff800000)
  to   space 8192K, 0% used [0x00000007ff800000,0x00000007ff800000,0x0000000800000000)
 ParOldGen       total 84992K, used 6833K [0x0000000783200000, 0x0000000788500000, 0x00000007d6600000)
  object space 84992K, 8% used [0x0000000783200000,0x00000007838ac458,0x0000000788500000)
 PSPermGen       total 21504K, used 11828K [0x0000000778c00000, 0x000000077a100000, 0x0000000783200000)
  object space 21504K, 55% used [0x0000000778c00000,0x000000077978d158,0x000000077a100000)
}
Event: 8.442 GC heap before
{Heap before GC invocations=14 (full 0):
 PSYoungGen      total 673792K, used 665792K [0x00000007d6600000, 0x0000000800000000, 0x0000000800000000)
  eden space 665600K, 100% used [0x00000007d6600000,0x00000007ff000000,0x00000007ff000000)
  from space 8192K, 2% used [0x00000007ff000000,0x00000007ff030000,0x00000007ff800000)
  to   space 8192K, 0% used [0x00000007ff800000,0x00000007ff800000,0x0000000800000000)
 ParOldGen       total 84992K, used 6833K [0x0000000783200000, 0x0000000788500000, 0x00000007d6600000)
  object space 84992K, 8% used [0x0000000783200000,0x00000007838ac458,0x0000000788500000)
 PSPermGen       total 21504K, used 11832K [0x0000000778c00000, 0x000000077a100000, 0x0000000783200000)
  object space 21504K, 55% used [0x0000000778c00000,0x000000077978e000,0x000000077a100000)
Event: 8.444 GC heap after
Heap after GC invocations=14 (full 0):
 PSYoungGen      total 672768K, used 160K [0x00000007d6600000, 0x00000007fff00000, 0x0000000800000000)
  eden space 665600K, 0% used [0x00000007d6600000,0x00000007d6600000,0x00000007ff000000)
  from space 7168K, 2% used [0x00000007ff800000,0x00000007ff828000,0x00000007fff00000)
  to   space 7680K, 0% used [0x00000007ff000000,0x00000007ff000000,0x00000007ff780000)
 ParOldGen       total 84992K, used 6873K [0x0000000783200000, 0x0000000788500000, 0x00000007d6600000)
  object space 84992K, 8% used [0x0000000783200000,0x00000007838b6458,0x0000000788500000)
 PSPermGen       total 21504K, used 11832K [0x0000000778c00000, 0x000000077a100000, 0x0000000783200000)
  object space 21504K, 55% used [0x0000000778c00000,0x000000077978e000,0x000000077a100000)
}
Event: 8.629 GC heap before
{Heap before GC invocations=15 (full 0):
 PSYoungGen      total 672768K, used 665760K [0x00000007d6600000, 0x00000007fff00000, 0x0000000800000000)
  eden space 665600K, 100% used [0x00000007d6600000,0x00000007ff000000,0x00000007ff000000)
  from space 7168K, 2% used [0x00000007ff800000,0x00000007ff828000,0x00000007fff00000)
  to   space 7680K, 0% used [0x00000007ff000000,0x00000007ff000000,0x00000007ff780000)
 ParOldGen       total 84992K, used 6873K [0x0000000783200000, 0x0000000788500000, 0x00000007d6600000)
  object space 84992K, 8% used [0x0000000783200000,0x00000007838b6458,0x0000000788500000)
 PSPermGen       total 21504K, used 11832K [0x0000000778c00000, 0x000000077a100000, 0x0000000783200000)
  object space 21504K, 55% used [0x0000000778c00000,0x000000077978e180,0x000000077a100000)
Event: 8.631 GC heap after
Heap after GC invocations=15 (full 0):
 PSYoungGen      total 673280K, used 128K [0x00000007d6600000, 0x0000000800000000, 0x0000000800000000)
  eden space 665600K, 0% used [0x00000007d6600000,0x00000007d6600000,0x00000007ff000000)
  from space 7680K, 1% used [0x00000007ff000000,0x00000007ff020000,0x00000007ff780000)
  to   space 7680K, 0% used [0x00000007ff880000,0x00000007ff880000,0x0000000800000000)
 ParOldGen       total 84992K, used 6889K [0x0000000783200000, 0x0000000788500000, 0x00000007d6600000)
  object space 84992K, 8% used [0x0000000783200000,0x00000007838ba458,0x0000000788500000)
 PSPermGen       total 21504K, used 11832K [0x0000000778c00000, 0x000000077a100000, 0x0000000783200000)
  object space 21504K, 55% used [0x0000000778c00000,0x000000077978e180,0x000000077a100000)
}

